 ------ --------------------------------------------------------------------------------------------------------------------- 
  Line   interfaces/component/UserInterface/StandardUI.php                                                                    
 ------ --------------------------------------------------------------------------------------------------------------------- 
  10     Method DarlingDataManagementSystem\interfaces\component\UserInterface\StandardUI::getTemplatesAssignedToResponses()  
         return type has no value type specified in iterable type array.                                                      
         💡 See: https://phpstan.org/blog/solving-phpstan-no-value-type-specified-in-iterable-type                             
  12     Method                                                                                                               
         DarlingDataManagementSystem\interfaces\component\UserInterface\StandardUI::getOutputComponentsAssignedToResponses()  
         return type has no value type specified in iterable type array.                                                      
         💡 See: https://phpstan.org/blog/solving-phpstan-no-value-type-specified-in-iterable-type                             
 ------ --------------------------------------------------------------------------------------------------------------------- 

 ------ ---------------------------------------------------------------------------------------------------------------------- 
  Line   interfaces/component/Web/Routing/Request.php                                                                          
 ------ ---------------------------------------------------------------------------------------------------------------------- 
  10     Method DarlingDataManagementSystem\interfaces\component\Web\Routing\Request::getGet() return type has no value type   
         specified in iterable type array.                                                                                     
         💡 See: https://phpstan.org/blog/solving-phpstan-no-value-type-specified-in-iterable-type                              
  12     Method DarlingDataManagementSystem\interfaces\component\Web\Routing\Request::getPost() return type has no value type  
         specified in iterable type array.                                                                                     
         💡 See: https://phpstan.org/blog/solving-phpstan-no-value-type-specified-in-iterable-type                              
 ------ ---------------------------------------------------------------------------------------------------------------------- 

 ------ ---------------------------------------------------------------------------------------------------------------------- 
  Line   interfaces/component/Web/Routing/Response.php                                                                         
 ------ ---------------------------------------------------------------------------------------------------------------------- 
  19     Method DarlingDataManagementSystem\interfaces\component\Web\Routing\Response::getRequestStorageInfo() return type     
         has no value type specified in iterable type array.                                                                   
         💡 See: https://phpstan.org/blog/solving-phpstan-no-value-type-specified-in-iterable-type                              
  27     Method DarlingDataManagementSystem\interfaces\component\Web\Routing\Response::getOutputComponentStorageInfo() return  
         type has no value type specified in iterable type array.                                                              
         💡 See: https://phpstan.org/blog/solving-phpstan-no-value-type-specified-in-iterable-type                              
  33     Method DarlingDataManagementSystem\interfaces\component\Web\Routing\Response::getTemplateStorageInfo() return type    
         has no value type specified in iterable type array.                                                                   
         💡 See: https://phpstan.org/blog/solving-phpstan-no-value-type-specified-in-iterable-type                              
 ------ ---------------------------------------------------------------------------------------------------------------------- 

 ------ --------------------------------------------------------------------------------------------------------------------- 
  Line   interfaces/component/Web/Routing/Router.php                                                                          
 ------ --------------------------------------------------------------------------------------------------------------------- 
  18     Method DarlingDataManagementSystem\interfaces\component\Web\Routing\Router::getResponses() return type has no value  
         type specified in iterable type array.                                                                               
         💡 See: https://phpstan.org/blog/solving-phpstan-no-value-type-specified-in-iterable-type                             
 ------ --------------------------------------------------------------------------------------------------------------------- 

 ------ --------------------------------------------------------------------------------------------------------------------- 
  Line   interfaces/primary/Exportable.php                                                                                    
 ------ --------------------------------------------------------------------------------------------------------------------- 
  8      Method DarlingDataManagementSystem\interfaces\primary\Exportable::export() return type has no value type specified   
         in iterable type array.                                                                                              
         💡 See: https://phpstan.org/blog/solving-phpstan-no-value-type-specified-in-iterable-type                             
  10     Method DarlingDataManagementSystem\interfaces\primary\Exportable::import() has parameter $export with no value type  
         specified in iterable type array.                                                                                    
         💡 See: https://phpstan.org/blog/solving-phpstan-no-value-type-specified-in-iterable-type                             
 ------ --------------------------------------------------------------------------------------------------------------------- 

 ------ ---------------------------------------------------------------------------------------------------------------------- 
  Line   interfaces/utility/ReflectionUtility.php                                                                              
 ------ ---------------------------------------------------------------------------------------------------------------------- 
  9      Method DarlingDataManagementSystem\interfaces\utility\ReflectionUtility::getClassPropertyNames() return type has no   
         value type specified in iterable type array.                                                                          
         💡 See: https://phpstan.org/blog/solving-phpstan-no-value-type-specified-in-iterable-type                              
  11     Method DarlingDataManagementSystem\interfaces\utility\ReflectionUtility::getClassPropertyTypes() return type has no   
         value type specified in iterable type array.                                                                          
         💡 See: https://phpstan.org/blog/solving-phpstan-no-value-type-specified-in-iterable-type                              
  13     Method DarlingDataManagementSystem\interfaces\utility\ReflectionUtility::getClassPropertyValues() return type has no  
         value type specified in iterable type array.                                                                          
         💡 See: https://phpstan.org/blog/solving-phpstan-no-value-type-specified-in-iterable-type                              
  15     Method DarlingDataManagementSystem\interfaces\utility\ReflectionUtility::getClassInstance() has no return typehint    
         specified.                                                                                                            
  15     Method DarlingDataManagementSystem\interfaces\utility\ReflectionUtility::getClassInstance() has parameter             
         $constructorArguments with no value type specified in iterable type array.                                            
         💡 See: https://phpstan.org/blog/solving-phpstan-no-value-type-specified-in-iterable-type                              
  17     Method DarlingDataManagementSystem\interfaces\utility\ReflectionUtility::getClassMethodParameterNames() return type   
         has no value type specified in iterable type array.                                                                   
         💡 See: https://phpstan.org/blog/solving-phpstan-no-value-type-specified-in-iterable-type                              
  19     Method DarlingDataManagementSystem\interfaces\utility\ReflectionUtility::getClassMethodParameterTypes() return type   
         has no value type specified in iterable type array.                                                                   
         💡 See: https://phpstan.org/blog/solving-phpstan-no-value-type-specified-in-iterable-type                              
  21     Method DarlingDataManagementSystem\interfaces\utility\ReflectionUtility::generateMockClassMethodArguments() return    
         type has no value type specified in iterable type array.                                                              
         💡 See: https://phpstan.org/blog/solving-phpstan-no-value-type-specified-in-iterable-type                              
  23     Method DarlingDataManagementSystem\interfaces\utility\ReflectionUtility::getClassReflection() return type with        
         generic class ReflectionClass does not specify its types: T                                                           
         💡 You can turn this off by setting checkGenericClassInNonGenericObjectType: false in your                             
         phpstan.neon.                                                                                                         
 ------ ---------------------------------------------------------------------------------------------------------------------- 

 [ERROR] Found 19 errors                                                                                                

