 ------ --------------------------------------------------------------------------------------------------------------------------------------------------------- 
  Line   abstractions/component/Crud/ComponentCrud.php                                                                                                            
 ------ --------------------------------------------------------------------------------------------------------------------------------------------------------- 
  78     Method DarlingDataManagementSystem\abstractions\component\Crud\ComponentCrud::readAll() return type has no value type specified in iterable type array.  
         💡 See: https://phpstan.org/blog/solving-phpstan-no-value-type-specified-in-iterable-type                                                                 
  96     Unreachable statement - code above always terminates.                                                                                                    
 ------ --------------------------------------------------------------------------------------------------------------------------------------------------------- 

 ------ --------------------------------------------------------------------------------------------------------------------------------------------------------------------------------------------------------- 
  Line   abstractions/component/Driver/Storage/FileSystem/JsonStorageDriver.php                                                                                                                                   
 ------ --------------------------------------------------------------------------------------------------------------------------------------------------------------------------------------------------------- 
  31     Parameter #3 $recursive of function mkdir expects bool, int given.                                                                                                                                       
  96     Method DarlingDataManagementSystem\abstractions\component\Driver\Storage\FileSystem\JsonStorageDriver::pack() should return string but returns string|false.                                             
  99     Method DarlingDataManagementSystem\abstractions\component\Driver\Storage\FileSystem\JsonStorageDriver::packObjectsInArray() has parameter $array with no value type specified in iterable type array.    
         💡 See: https://phpstan.org/blog/solving-phpstan-no-value-type-specified-in-iterable-type                                                                                                                 
  99     Method DarlingDataManagementSystem\abstractions\component\Driver\Storage\FileSystem\JsonStorageDriver::packObjectsInArray() return type has no value type specified in iterable type array.              
         💡 See: https://phpstan.org/blog/solving-phpstan-no-value-type-specified-in-iterable-type                                                                                                                 
  125    Method DarlingDataManagementSystem\abstractions\component\Driver\Storage\FileSystem\JsonStorageDriver::getStorageIndex() return type has no value type specified in iterable type array.                 
         💡 See: https://phpstan.org/blog/solving-phpstan-no-value-type-specified-in-iterable-type                                                                                                                 
  128    Parameter #1 $json of function json_decode expects string, string|false given.                                                                                                                           
  164    Method DarlingDataManagementSystem\abstractions\component\Driver\Storage\FileSystem\JsonStorageDriver::readAll() return type has no value type specified in iterable type array.                         
         💡 See: https://phpstan.org/blog/solving-phpstan-no-value-type-specified-in-iterable-type                                                                                                                 
  233    Method DarlingDataManagementSystem\abstractions\component\Driver\Storage\FileSystem\JsonStorageDriver::getStoredData() has no return typehint specified.                                                 
  235    Parameter #1 $json of function json_decode expects string, string|false given.                                                                                                                           
  238    Method DarlingDataManagementSystem\abstractions\component\Driver\Storage\FileSystem\JsonStorageDriver::dataIsCorrupted() has parameter $data with no typehint specified.                                 
  255    Method DarlingDataManagementSystem\abstractions\component\Driver\Storage\FileSystem\JsonStorageDriver::unpack() has parameter $data with no value type specified in iterable type array.                 
         💡 See: https://phpstan.org/blog/solving-phpstan-no-value-type-specified-in-iterable-type                                                                                                                 
  255    Method DarlingDataManagementSystem\abstractions\component\Driver\Storage\FileSystem\JsonStorageDriver::unpack() return type has no value type specified in iterable type array.                          
         💡 See: https://phpstan.org/blog/solving-phpstan-no-value-type-specified-in-iterable-type                                                                                                                 
  260    Method DarlingDataManagementSystem\abstractions\component\Driver\Storage\FileSystem\JsonStorageDriver::unPackObjectsInArray() has parameter $array with no value type specified in iterable type array.  
         💡 See: https://phpstan.org/blog/solving-phpstan-no-value-type-specified-in-iterable-type                                                                                                                 
  260    Method DarlingDataManagementSystem\abstractions\component\Driver\Storage\FileSystem\JsonStorageDriver::unPackObjectsInArray() return type has no value type specified in iterable type array.            
         💡 See: https://phpstan.org/blog/solving-phpstan-no-value-type-specified-in-iterable-type                                                                                                                 
  287    Parameter #2 $haystack of function in_array expects array, array<string, string>|false given.                                                                                                            
 ------ --------------------------------------------------------------------------------------------------------------------------------------------------------------------------------------------------------- 

 ------ ------------------------------------------------------------------------------------------------------------------------------------------------------------------------ 
  Line   abstractions/component/DynamicOutputComponent.php                                                                                                                       
 ------ ------------------------------------------------------------------------------------------------------------------------------------------------------------------------ 
  102    Method DarlingDataManagementSystem\abstractions\component\DynamicOutputComponent::executeDynamicFileInPhpOutputBuffer() should return string but returns string|false.  
  107    Method DarlingDataManagementSystem\abstractions\component\DynamicOutputComponent::getDynamicFileContentsAsPlainText() should return string but returns string|false.    
 ------ ------------------------------------------------------------------------------------------------------------------------------------------------------------------------ 

 ------ ----------------------------------------------------------------------------------------------------------------------------------------------------------------------------------------------------------------- 
  Line   abstractions/component/Factory/App/AppComponentsFactory.php                                                                                                                                                      
 ------ ----------------------------------------------------------------------------------------------------------------------------------------------------------------------------------------------------------------- 
  197    Method DarlingDataManagementSystem\abstractions\component\Factory\App\AppComponentsFactory::buildConstructorArgs() return type has no value type specified in iterable type array.                               
         💡 See: https://phpstan.org/blog/solving-phpstan-no-value-type-specified-in-iterable-type                                                                                                                         
  311    Method DarlingDataManagementSystem\abstractions\component\Factory\App\AppComponentsFactory::configureResponse() has parameter $requestsOutputComponentsStandardUITemplates with no value type specified in       
         iterable type array.                                                                                                                                                                                             
         💡 See: https://phpstan.org/blog/solving-phpstan-no-value-type-specified-in-iterable-type                                                                                                                         
  330    Method DarlingDataManagementSystem\abstractions\component\Factory\App\AppComponentsFactory::buildGlobalResponse() should return DarlingDataManagementSystem\interfaces\component\Web\Routing\GlobalResponse but  
         returns DarlingDataManagementSystem\interfaces\component\Web\Routing\Response.                                                                                                                                   
  333    Method DarlingDataManagementSystem\abstractions\component\Factory\App\AppComponentsFactory::buildLog() has parameter $flags with no typehint specified.                                                          
 ------ ----------------------------------------------------------------------------------------------------------------------------------------------------------------------------------------------------------------- 

 ------ -------------------------------------------------------------------------------------------------------------------------------------------------------------------------------------------------------------- 
  Line   abstractions/component/Factory/ResponseFactory.php                                                                                                                                                            
 ------ -------------------------------------------------------------------------------------------------------------------------------------------------------------------------------------------------------------- 
  67     Parameter #2 $haystack of function in_array expects array, array<string, string>|false given.                                                                                                                 
  70     Parameter #1 $request of method DarlingDataManagementSystem\interfaces\component\Web\Routing\Response::addRequestStorageInfo() expects DarlingDataManagementSystem\interfaces\component\Web\Routing\Request,  
         DarlingDataManagementSystem\interfaces\component\Component given.                                                                                                                                             
  83     Parameter #2 $haystack of function in_array expects array, array<string, string>|false given.                                                                                                                 
  86     Parameter #1 $template of method DarlingDataManagementSystem\interfaces\component\Web\Routing\Response::addTemplateStorageInfo() expects                                                                      
         DarlingDataManagementSystem\interfaces\component\Template\UserInterface\StandardUITemplate, DarlingDataManagementSystem\interfaces\component\Component given.                                                 
  99     Parameter #2 $haystack of function in_array expects array, array<string, string>|false given.                                                                                                                 
  102    Parameter #1 $outputComponent of method DarlingDataManagementSystem\interfaces\component\Web\Routing\Response::addOutputComponentStorageInfo() expects                                                        
         DarlingDataManagementSystem\interfaces\component\OutputComponent, DarlingDataManagementSystem\interfaces\component\Component given.                                                                           
 ------ -------------------------------------------------------------------------------------------------------------------------------------------------------------------------------------------------------------- 

 ------ ----------------------------------------------------------------------------------------------------------------------------------------------------------------------------------------------- 
  Line   abstractions/component/Registry/Storage/StoredComponentRegistry.php                                                                                                                            
 ------ ----------------------------------------------------------------------------------------------------------------------------------------------------------------------------------------------- 
  16     Property DarlingDataManagementSystem\abstractions\component\Registry\Storage\StoredComponentRegistry::$registry type has no value type specified in iterable type array.                       
         💡 See: https://phpstan.org/blog/solving-phpstan-no-value-type-specified-in-iterable-type                                                                                                       
  64     Parameter #2 $haystack of function in_array expects array, array<string, string>|false given.                                                                                                  
  73     Parameter #1 $component of method DarlingDataManagementSystem\abstractions\component\Registry\Storage\StoredComponentRegistry::getStorableFromComponent() expects                              
         DarlingDataManagementSystem\interfaces\component\Component, DarlingDataManagementSystem\interfaces\primary\Storable given.                                                                     
  85     Parameter #2 $haystack of function in_array expects array, array<string, string>|false given.                                                                                                  
  93     Method DarlingDataManagementSystem\abstractions\component\Registry\Storage\StoredComponentRegistry::getRegisteredComponents() return type has no value type specified in iterable type array.  
         💡 See: https://phpstan.org/blog/solving-phpstan-no-value-type-specified-in-iterable-type                                                                                                       
  102    Method DarlingDataManagementSystem\abstractions\component\Registry\Storage\StoredComponentRegistry::getRegistry() return type has no value type specified in iterable type array.              
         💡 See: https://phpstan.org/blog/solving-phpstan-no-value-type-specified-in-iterable-type                                                                                                       
 ------ ----------------------------------------------------------------------------------------------------------------------------------------------------------------------------------------------- 

 ------ ---------------------------------------------------------------------------------------------------------------------------------- 
  Line   abstractions/component/SwitchableComponent.php                                                                                    
 ------ ---------------------------------------------------------------------------------------------------------------------------------- 
  23     Method DarlingDataManagementSystem\abstractions\component\SwitchableComponent::setSwitchable() has no return typehint specified.  
 ------ ---------------------------------------------------------------------------------------------------------------------------------- 

 ------ --------------------------------------------------------------------------------------------------------------------------------------------------------------------------------- 
  Line   abstractions/component/Template/UserInterface/StandardUITemplate.php                                                                                                             
 ------ --------------------------------------------------------------------------------------------------------------------------------------------------------------------------------- 
  15     Property DarlingDataManagementSystem\abstractions\component\Template\UserInterface\StandardUITemplate::$types type has no value type specified in iterable type array.           
         💡 See: https://phpstan.org/blog/solving-phpstan-no-value-type-specified-in-iterable-type                                                                                         
  42     Method DarlingDataManagementSystem\abstractions\component\Template\UserInterface\StandardUITemplate::getTypes() return type has no value type specified in iterable type array.  
         💡 See: https://phpstan.org/blog/solving-phpstan-no-value-type-specified-in-iterable-type                                                                                         
 ------ --------------------------------------------------------------------------------------------------------------------------------------------------------------------------------- 

 ------ --------------------------------------------------------------------------------------------------------------------------------------------------------------------------------------------------------------- 
  Line   abstractions/component/UserInterface/ResponseUI.php                                                                                                                                                            
 ------ --------------------------------------------------------------------------------------------------------------------------------------------------------------------------------------------------------------- 
  27     Method DarlingDataManagementSystem\abstractions\component\UserInterface\ResponseUI::sortPositionables() return type has no value type specified in iterable type array.                                        
         💡 See: https://phpstan.org/blog/solving-phpstan-no-value-type-specified-in-iterable-type                                                                                                                       
  66     Parameter #1 ...$postionables of method DarlingDataManagementSystem\abstractions\component\UserInterface\ResponseUI::sortPositionables() expects DarlingDataManagementSystem\interfaces\primary\Positionable,  
         DarlingDataManagementSystem\interfaces\component\Component given.                                                                                                                                              
 ------ --------------------------------------------------------------------------------------------------------------------------------------------------------------------------------------------------------------- 

 ------ ---------------------------------------------------------------------------------------------------------------------------------------------------------------------------------------------- 
  Line   abstractions/component/UserInterface/StandardUI.php                                                                                                                                           
 ------ ---------------------------------------------------------------------------------------------------------------------------------------------------------------------------------------------- 
  18     Property DarlingDataManagementSystem\abstractions\component\UserInterface\StandardUI::$templates type has no value type specified in iterable type array.                                     
         💡 See: https://phpstan.org/blog/solving-phpstan-no-value-type-specified-in-iterable-type                                                                                                      
  19     Property DarlingDataManagementSystem\abstractions\component\UserInterface\StandardUI::$outputComponents type has no value type specified in iterable type array.                              
         💡 See: https://phpstan.org/blog/solving-phpstan-no-value-type-specified-in-iterable-type                                                                                                      
  53     Method DarlingDataManagementSystem\abstractions\component\UserInterface\StandardUI::getTemplatesAssignedToResponses() return type has no value type specified in iterable type array.         
         💡 See: https://phpstan.org/blog/solving-phpstan-no-value-type-specified-in-iterable-type                                                                                                      
  64     Call to an undefined method DarlingDataManagementSystem\interfaces\component\Component::getPosition().                                                                                        
  66     Call to an undefined method DarlingDataManagementSystem\interfaces\component\Component::increasePosition().                                                                                   
  69     Call to an undefined method DarlingDataManagementSystem\interfaces\component\Component::getPosition().                                                                                        
  77     Method DarlingDataManagementSystem\abstractions\component\UserInterface\StandardUI::getOutputComponentsAssignedToResponses() return type has no value type specified in iterable type array.  
         💡 See: https://phpstan.org/blog/solving-phpstan-no-value-type-specified-in-iterable-type                                                                                                      
  88     Call to an undefined method DarlingDataManagementSystem\interfaces\component\Component::getPosition().                                                                                        
  90     Call to an undefined method DarlingDataManagementSystem\interfaces\component\Component::increasePosition().                                                                                   
  93     Call to an undefined method DarlingDataManagementSystem\interfaces\component\Component::getPosition().                                                                                        
 ------ ---------------------------------------------------------------------------------------------------------------------------------------------------------------------------------------------- 

 ------ ----------------------------------------------------------------------------------------------- 
  Line   abstractions/component/Web/App.php                                                             
 ------ ----------------------------------------------------------------------------------------------- 
  74     Parameter #2 $haystack of function in_array expects array, array<string, string>|false given.  
 ------ ----------------------------------------------------------------------------------------------- 

 ------ ---------------------------------------------------------------------------------------------------------------------------------------------------------- 
  Line   abstractions/component/Web/Routing/Request.php                                                                                                            
 ------ ---------------------------------------------------------------------------------------------------------------------------------------------------------- 
  13     Property DarlingDataManagementSystem\abstractions\component\Web\Routing\Request::$get type has no value type specified in iterable type array.            
         💡 See: https://phpstan.org/blog/solving-phpstan-no-value-type-specified-in-iterable-type                                                                  
  14     Property DarlingDataManagementSystem\abstractions\component\Web\Routing\Request::$post type has no value type specified in iterable type array.           
         💡 See: https://phpstan.org/blog/solving-phpstan-no-value-type-specified-in-iterable-type                                                                  
  41     Method DarlingDataManagementSystem\abstractions\component\Web\Routing\Request::getGet() return type has no value type specified in iterable type array.   
         💡 See: https://phpstan.org/blog/solving-phpstan-no-value-type-specified-in-iterable-type                                                                  
  46     Method DarlingDataManagementSystem\abstractions\component\Web\Routing\Request::getPost() return type has no value type specified in iterable type array.  
         💡 See: https://phpstan.org/blog/solving-phpstan-no-value-type-specified-in-iterable-type                                                                  
 ------ ---------------------------------------------------------------------------------------------------------------------------------------------------------- 

 ------ --------------------------------------------------------------------------------------------------------------------------------------------------------------------------------- 
  Line   abstractions/component/Web/Routing/Response.php                                                                                                                                  
 ------ --------------------------------------------------------------------------------------------------------------------------------------------------------------------------------- 
  21     Property DarlingDataManagementSystem\abstractions\component\Web\Routing\Response::$outputComponentStorageInfo type has no value type specified in iterable type array.           
         💡 See: https://phpstan.org/blog/solving-phpstan-no-value-type-specified-in-iterable-type                                                                                         
  22     Property DarlingDataManagementSystem\abstractions\component\Web\Routing\Response::$templateStorageInfo type has no value type specified in iterable type array.                  
         💡 See: https://phpstan.org/blog/solving-phpstan-no-value-type-specified-in-iterable-type                                                                                         
  23     Property DarlingDataManagementSystem\abstractions\component\Web\Routing\Response::$requestStorageInfo type has no value type specified in iterable type array.                   
         💡 See: https://phpstan.org/blog/solving-phpstan-no-value-type-specified-in-iterable-type                                                                                         
  44     Call to an undefined method DarlingDataManagementSystem\interfaces\component\Component::getUrl().                                                                                
  51     Method DarlingDataManagementSystem\abstractions\component\Web\Routing\Response::getRequestStorageInfo() return type has no value type specified in iterable type array.          
         💡 See: https://phpstan.org/blog/solving-phpstan-no-value-type-specified-in-iterable-type                                                                                         
  59     Parameter #2 $haystack of function in_array expects array, array<string, string>|false given.                                                                                    
  94     Method DarlingDataManagementSystem\abstractions\component\Web\Routing\Response::getOutputComponentStorageInfo() return type has no value type specified in iterable type array.  
         💡 See: https://phpstan.org/blog/solving-phpstan-no-value-type-specified-in-iterable-type                                                                                         
  132    Method DarlingDataManagementSystem\abstractions\component\Web\Routing\Response::getTemplateStorageInfo() return type has no value type specified in iterable type array.         
         💡 See: https://phpstan.org/blog/solving-phpstan-no-value-type-specified-in-iterable-type                                                                                         
 ------ --------------------------------------------------------------------------------------------------------------------------------------------------------------------------------- 

 ------ -------------------------------------------------------------------------------------------------------------------------------------------------------------- 
  Line   abstractions/component/Web/Routing/Router.php                                                                                                                 
 ------ -------------------------------------------------------------------------------------------------------------------------------------------------------------- 
  34     Method DarlingDataManagementSystem\abstractions\component\Web\Routing\Router::getResponses() return type has no value type specified in iterable type array.  
         💡 See: https://phpstan.org/blog/solving-phpstan-no-value-type-specified-in-iterable-type                                                                      
  56     Method DarlingDataManagementSystem\abstractions\component\Web\Routing\Router::isValidResponse() has parameter $response with no typehint specified.           
  63     Parameter #2 $haystack of function in_array expects array, array<string, string>|false given.                                                                 
 ------ -------------------------------------------------------------------------------------------------------------------------------------------------------------- 

 ------ ---------------------------------------------------------------------------------------------------------- 
  Line   abstractions/primary/Classifiable.php                                                                     
 ------ ---------------------------------------------------------------------------------------------------------- 
  10     Property DarlingDataManagementSystem\abstractions\primary\Classifiable::$type has no typehint specified.  
 ------ ---------------------------------------------------------------------------------------------------------- 

 ------ ------------------------------------------------------------------------------------------------------------------------------------------------------------------------------------------- 
  Line   abstractions/primary/Exportable.php                                                                                                                                                        
 ------ ------------------------------------------------------------------------------------------------------------------------------------------------------------------------------------------- 
  41     Method DarlingDataManagementSystem\abstractions\primary\Exportable::setReflectionUtility() has no return typehint specified.                                                               
  46     Method DarlingDataManagementSystem\abstractions\primary\Exportable::import() has parameter $export with no value type specified in iterable type array.                                    
         💡 See: https://phpstan.org/blog/solving-phpstan-no-value-type-specified-in-iterable-type                                                                                                   
  59     Method DarlingDataManagementSystem\abstractions\primary\Exportable::getReflectedProperty() has parameter $reflection with generic class ReflectionClass but does not specify its types: T  
         💡 You can turn this off by setting checkGenericClassInNonGenericObjectType: false in your phpstan.neon.                                                                                    
  95     Method DarlingDataManagementSystem\abstractions\primary\Exportable::export() return type has no value type specified in iterable type array.                                               
         💡 See: https://phpstan.org/blog/solving-phpstan-no-value-type-specified-in-iterable-type                                                                                                   
 ------ ------------------------------------------------------------------------------------------------------------------------------------------------------------------------------------------- 

 ------ -------------------------------------------------------------------------------------------------------------- 
  Line   abstractions/primary/Positionable.php                                                                         
 ------ -------------------------------------------------------------------------------------------------------------- 
  10     Property DarlingDataManagementSystem\abstractions\primary\Positionable::$position has no typehint specified.  
 ------ -------------------------------------------------------------------------------------------------------------- 

 ------ ---------------------------------------------------------------------------------------------------------------------------------------------------------------------------------------- 
  Line   abstractions/utility/ReflectionUtility.php                                                                                                                                              
 ------ ---------------------------------------------------------------------------------------------------------------------------------------------------------------------------------------- 
  67     Method DarlingDataManagementSystem\abstractions\utility\ReflectionUtility::getClassPropertyNames() has parameter $class with no typehint specified.                                     
  67     Method DarlingDataManagementSystem\abstractions\utility\ReflectionUtility::getClassPropertyNames() return type has no value type specified in iterable type array.                      
         💡 See: https://phpstan.org/blog/solving-phpstan-no-value-type-specified-in-iterable-type                                                                                                
  77     Method DarlingDataManagementSystem\abstractions\utility\ReflectionUtility::getClassPropertyReflections() has parameter $class with no typehint specified.                               
  77     Method DarlingDataManagementSystem\abstractions\utility\ReflectionUtility::getClassPropertyReflections() return type has no value type specified in iterable type array.                
         💡 See: https://phpstan.org/blog/solving-phpstan-no-value-type-specified-in-iterable-type                                                                                                
  94     Method DarlingDataManagementSystem\abstractions\utility\ReflectionUtility::classParameterIsValidClassNameOrClassInstance() has parameter $class with no typehint specified.             
  107    Method DarlingDataManagementSystem\abstractions\utility\ReflectionUtility::getClassReflection() has parameter $class with no typehint specified.                                        
  107    Method DarlingDataManagementSystem\abstractions\utility\ReflectionUtility::getClassReflection() return type with generic class ReflectionClass does not specify its types: T            
         💡 You can turn this off by setting checkGenericClassInNonGenericObjectType: false in your phpstan.neon.                                                                                 
  128    Method DarlingDataManagementSystem\abstractions\utility\ReflectionUtility::getClass() has parameter $class with no typehint specified.                                                  
  133    Method DarlingDataManagementSystem\abstractions\utility\ReflectionUtility::getClassPropertyTypes() has parameter $class with no typehint specified.                                     
  133    Method DarlingDataManagementSystem\abstractions\utility\ReflectionUtility::getClassPropertyTypes() return type has no value type specified in iterable type array.                      
         💡 See: https://phpstan.org/blog/solving-phpstan-no-value-type-specified-in-iterable-type                                                                                                
  145    Method DarlingDataManagementSystem\abstractions\utility\ReflectionUtility::getClassInstance() has no return typehint specified.                                                         
  145    Method DarlingDataManagementSystem\abstractions\utility\ReflectionUtility::getClassInstance() has parameter $class with no typehint specified.                                          
  145    Method DarlingDataManagementSystem\abstractions\utility\ReflectionUtility::getClassInstance() has parameter $constructorArguments with no value type specified in iterable type array.  
         💡 See: https://phpstan.org/blog/solving-phpstan-no-value-type-specified-in-iterable-type                                                                                                
  159    Method DarlingDataManagementSystem\abstractions\utility\ReflectionUtility::generateMockClassMethodArguments() has parameter $class with no typehint specified.                          
  159    Method DarlingDataManagementSystem\abstractions\utility\ReflectionUtility::generateMockClassMethodArguments() return type has no value type specified in iterable type array.           
         💡 See: https://phpstan.org/blog/solving-phpstan-no-value-type-specified-in-iterable-type                                                                                                
  194    Method DarlingDataManagementSystem\abstractions\utility\ReflectionUtility::getClassMethodParameterTypes() has parameter $class with no typehint specified.                              
  194    Method DarlingDataManagementSystem\abstractions\utility\ReflectionUtility::getClassMethodParameterTypes() return type has no value type specified in iterable type array.               
         💡 See: https://phpstan.org/blog/solving-phpstan-no-value-type-specified-in-iterable-type                                                                                                
  207    Method DarlingDataManagementSystem\abstractions\utility\ReflectionUtility::getClassMethodReflection() has no return typehint specified.                                                 
  207    Method DarlingDataManagementSystem\abstractions\utility\ReflectionUtility::getClassMethodReflection() has parameter $class with no typehint specified.                                  
  222    Method DarlingDataManagementSystem\abstractions\utility\ReflectionUtility::getMethodReflection() has parameter $class with no typehint specified.                                       
  250    Call to an undefined method ReflectionType::getName().                                                                                                                                  
  253    Method DarlingDataManagementSystem\abstractions\utility\ReflectionUtility::convertReflectionTypeStringToGettypeString() has no return typehint specified.                               
  278    Method DarlingDataManagementSystem\abstractions\utility\ReflectionUtility::getClassPropertyValues() has parameter $class with no typehint specified.                                    
  278    Method DarlingDataManagementSystem\abstractions\utility\ReflectionUtility::getClassPropertyValues() return type has no value type specified in iterable type array.                     
         💡 See: https://phpstan.org/blog/solving-phpstan-no-value-type-specified-in-iterable-type                                                                                                
  292    Method DarlingDataManagementSystem\abstractions\utility\ReflectionUtility::getClassMethodParameterNames() has parameter $class with no typehint specified.                              
  292    Method DarlingDataManagementSystem\abstractions\utility\ReflectionUtility::getClassMethodParameterNames() return type has no value type specified in iterable type array.               
         💡 See: https://phpstan.org/blog/solving-phpstan-no-value-type-specified-in-iterable-type                                                                                                
 ------ ---------------------------------------------------------------------------------------------------------------------------------------------------------------------------------------- 

 ------ --------------------------------------------------------------------------------------------------------------------------------------------- 
  Line   dev/traits/Logger.php (in context of class DarlingDataManagementSystem\abstractions\primary\Exportable)                                      
 ------ --------------------------------------------------------------------------------------------------------------------------------------------- 
  11     Method DarlingDataManagementSystem\abstractions\primary\Exportable::log() has no return typehint specified.                                  
  11     Method DarlingDataManagementSystem\abstractions\primary\Exportable::log() has parameter $sprintFormattedMessage with no typehint specified.  
 ------ --------------------------------------------------------------------------------------------------------------------------------------------- 

 ------ ----------------------------------------------------------------------------------------------------------------------------------------------- 
  Line   dev/traits/Logger.php (in context of class DarlingDataManagementSystem\abstractions\primary\Identifiable)                                      
 ------ ----------------------------------------------------------------------------------------------------------------------------------------------- 
  11     Method DarlingDataManagementSystem\abstractions\primary\Identifiable::log() has no return typehint specified.                                  
  11     Method DarlingDataManagementSystem\abstractions\primary\Identifiable::log() has parameter $sprintFormattedMessage with no typehint specified.  
 ------ ----------------------------------------------------------------------------------------------------------------------------------------------- 

 ------ ---------------------------------------------------------------------------------------------------------------------------------------------------- 
  Line   dev/traits/Logger.php (in context of class DarlingDataManagementSystem\abstractions\utility\ReflectionUtility)                                      
 ------ ---------------------------------------------------------------------------------------------------------------------------------------------------- 
  11     Method DarlingDataManagementSystem\abstractions\utility\ReflectionUtility::log() has no return typehint specified.                                  
  11     Method DarlingDataManagementSystem\abstractions\utility\ReflectionUtility::log() has parameter $sprintFormattedMessage with no typehint specified.  
 ------ ---------------------------------------------------------------------------------------------------------------------------------------------------- 

 ------ ------------------------------------------------------------------------------------------------------------------------------------------------------- 
  Line   interfaces/component/Crud/ComponentCrud.php                                                                                                            
 ------ ------------------------------------------------------------------------------------------------------------------------------------------------------- 
  20     Method DarlingDataManagementSystem\interfaces\component\Crud\ComponentCrud::readAll() return type has no value type specified in iterable type array.  
         💡 See: https://phpstan.org/blog/solving-phpstan-no-value-type-specified-in-iterable-type                                                               
 ------ ------------------------------------------------------------------------------------------------------------------------------------------------------- 

 ------ ----------------------------------------------------------------------------------------------------------------------------------------------------------------- 
  Line   interfaces/component/Driver/Storage/StorageDriver.php                                                                                                            
 ------ ----------------------------------------------------------------------------------------------------------------------------------------------------------------- 
  17     Method DarlingDataManagementSystem\interfaces\component\Driver\Storage\StorageDriver::readAll() return type has no value type specified in iterable type array.  
         💡 See: https://phpstan.org/blog/solving-phpstan-no-value-type-specified-in-iterable-type                                                                         
 ------ ----------------------------------------------------------------------------------------------------------------------------------------------------------------- 

 ------ ---------------------------------------------------------------------------------------------------------------------------------------------------------------------------------- 
  Line   interfaces/component/Factory/App/AppComponentsFactory.php                                                                                                                         
 ------ ---------------------------------------------------------------------------------------------------------------------------------------------------------------------------------- 
  18     Method DarlingDataManagementSystem\interfaces\component\Factory\App\AppComponentsFactory::buildConstructorArgs() return type has no value type specified in iterable type array.  
         💡 See: https://phpstan.org/blog/solving-phpstan-no-value-type-specified-in-iterable-type                                                                                          
  22     Method DarlingDataManagementSystem\interfaces\component\Factory\App\AppComponentsFactory::buildLog() has parameter $flags with no typehint specified.                             
 ------ ---------------------------------------------------------------------------------------------------------------------------------------------------------------------------------- 

 ------ --------------------------------------------------------------------------------------------------------------------------------------------------------------------------------------------- 
  Line   interfaces/component/Registry/Storage/StoredComponentRegistry.php                                                                                                                            
 ------ --------------------------------------------------------------------------------------------------------------------------------------------------------------------------------------------- 
  20     Method DarlingDataManagementSystem\interfaces\component\Registry\Storage\StoredComponentRegistry::getRegisteredComponents() return type has no value type specified in iterable type array.  
         💡 See: https://phpstan.org/blog/solving-phpstan-no-value-type-specified-in-iterable-type                                                                                                     
  22     Method DarlingDataManagementSystem\interfaces\component\Registry\Storage\StoredComponentRegistry::getRegistry() return type has no value type specified in iterable type array.              
         💡 See: https://phpstan.org/blog/solving-phpstan-no-value-type-specified-in-iterable-type                                                                                                     
 ------ --------------------------------------------------------------------------------------------------------------------------------------------------------------------------------------------- 

 ------ ------------------------------------------------------------------------------------------------------------------------------------------------------------------------------- 
  Line   interfaces/component/Template/UserInterface/StandardUITemplate.php                                                                                                             
 ------ ------------------------------------------------------------------------------------------------------------------------------------------------------------------------------- 
  15     Method DarlingDataManagementSystem\interfaces\component\Template\UserInterface\StandardUITemplate::getTypes() return type has no value type specified in iterable type array.  
         💡 See: https://phpstan.org/blog/solving-phpstan-no-value-type-specified-in-iterable-type                                                                                       
 ------ ------------------------------------------------------------------------------------------------------------------------------------------------------------------------------- 

 ------ -------------------------------------------------------------------------------------------------------------------------------------------------------------------------------------------- 
  Line   interfaces/component/UserInterface/StandardUI.php                                                                                                                                           
 ------ -------------------------------------------------------------------------------------------------------------------------------------------------------------------------------------------- 
  10     Method DarlingDataManagementSystem\interfaces\component\UserInterface\StandardUI::getTemplatesAssignedToResponses() return type has no value type specified in iterable type array.         
         💡 See: https://phpstan.org/blog/solving-phpstan-no-value-type-specified-in-iterable-type                                                                                                    
  12     Method DarlingDataManagementSystem\interfaces\component\UserInterface\StandardUI::getOutputComponentsAssignedToResponses() return type has no value type specified in iterable type array.  
         💡 See: https://phpstan.org/blog/solving-phpstan-no-value-type-specified-in-iterable-type                                                                                                    
 ------ -------------------------------------------------------------------------------------------------------------------------------------------------------------------------------------------- 

 ------ -------------------------------------------------------------------------------------------------------------------------------------------------------- 
  Line   interfaces/component/Web/Routing/Request.php                                                                                                            
 ------ -------------------------------------------------------------------------------------------------------------------------------------------------------- 
  10     Method DarlingDataManagementSystem\interfaces\component\Web\Routing\Request::getGet() return type has no value type specified in iterable type array.   
         💡 See: https://phpstan.org/blog/solving-phpstan-no-value-type-specified-in-iterable-type                                                                
  12     Method DarlingDataManagementSystem\interfaces\component\Web\Routing\Request::getPost() return type has no value type specified in iterable type array.  
         💡 See: https://phpstan.org/blog/solving-phpstan-no-value-type-specified-in-iterable-type                                                                
 ------ -------------------------------------------------------------------------------------------------------------------------------------------------------- 

 ------ ------------------------------------------------------------------------------------------------------------------------------------------------------------------------------- 
  Line   interfaces/component/Web/Routing/Response.php                                                                                                                                  
 ------ ------------------------------------------------------------------------------------------------------------------------------------------------------------------------------- 
  19     Method DarlingDataManagementSystem\interfaces\component\Web\Routing\Response::getRequestStorageInfo() return type has no value type specified in iterable type array.          
         💡 See: https://phpstan.org/blog/solving-phpstan-no-value-type-specified-in-iterable-type                                                                                       
  27     Method DarlingDataManagementSystem\interfaces\component\Web\Routing\Response::getOutputComponentStorageInfo() return type has no value type specified in iterable type array.  
         💡 See: https://phpstan.org/blog/solving-phpstan-no-value-type-specified-in-iterable-type                                                                                       
  33     Method DarlingDataManagementSystem\interfaces\component\Web\Routing\Response::getTemplateStorageInfo() return type has no value type specified in iterable type array.         
         💡 See: https://phpstan.org/blog/solving-phpstan-no-value-type-specified-in-iterable-type                                                                                       
 ------ ------------------------------------------------------------------------------------------------------------------------------------------------------------------------------- 

 ------ ------------------------------------------------------------------------------------------------------------------------------------------------------------ 
  Line   interfaces/component/Web/Routing/Router.php                                                                                                                 
 ------ ------------------------------------------------------------------------------------------------------------------------------------------------------------ 
  18     Method DarlingDataManagementSystem\interfaces\component\Web\Routing\Router::getResponses() return type has no value type specified in iterable type array.  
         💡 See: https://phpstan.org/blog/solving-phpstan-no-value-type-specified-in-iterable-type                                                                    
 ------ ------------------------------------------------------------------------------------------------------------------------------------------------------------ 

 ------ ------------------------------------------------------------------------------------------------------------------------------------------------------- 
  Line   interfaces/primary/Exportable.php                                                                                                                      
 ------ ------------------------------------------------------------------------------------------------------------------------------------------------------- 
  8      Method DarlingDataManagementSystem\interfaces\primary\Exportable::export() return type has no value type specified in iterable type array.             
         💡 See: https://phpstan.org/blog/solving-phpstan-no-value-type-specified-in-iterable-type                                                               
  10     Method DarlingDataManagementSystem\interfaces\primary\Exportable::import() has parameter $export with no value type specified in iterable type array.  
         💡 See: https://phpstan.org/blog/solving-phpstan-no-value-type-specified-in-iterable-type                                                               
 ------ ------------------------------------------------------------------------------------------------------------------------------------------------------- 

 ------ -------------------------------------------------------------------------------------------------------------------------------------------------------------------------------------- 
  Line   interfaces/utility/ReflectionUtility.php                                                                                                                                              
 ------ -------------------------------------------------------------------------------------------------------------------------------------------------------------------------------------- 
  9      Method DarlingDataManagementSystem\interfaces\utility\ReflectionUtility::getClassPropertyNames() has parameter $class with no typehint specified.                                     
  9      Method DarlingDataManagementSystem\interfaces\utility\ReflectionUtility::getClassPropertyNames() return type has no value type specified in iterable type array.                      
         💡 See: https://phpstan.org/blog/solving-phpstan-no-value-type-specified-in-iterable-type                                                                                              
  11     Method DarlingDataManagementSystem\interfaces\utility\ReflectionUtility::getClassPropertyTypes() has parameter $class with no typehint specified.                                     
  11     Method DarlingDataManagementSystem\interfaces\utility\ReflectionUtility::getClassPropertyTypes() return type has no value type specified in iterable type array.                      
         💡 See: https://phpstan.org/blog/solving-phpstan-no-value-type-specified-in-iterable-type                                                                                              
  13     Method DarlingDataManagementSystem\interfaces\utility\ReflectionUtility::getClassPropertyValues() has parameter $class with no typehint specified.                                    
  13     Method DarlingDataManagementSystem\interfaces\utility\ReflectionUtility::getClassPropertyValues() return type has no value type specified in iterable type array.                     
         💡 See: https://phpstan.org/blog/solving-phpstan-no-value-type-specified-in-iterable-type                                                                                              
  15     Method DarlingDataManagementSystem\interfaces\utility\ReflectionUtility::getClassInstance() has no return typehint specified.                                                         
  15     Method DarlingDataManagementSystem\interfaces\utility\ReflectionUtility::getClassInstance() has parameter $class with no typehint specified.                                          
  15     Method DarlingDataManagementSystem\interfaces\utility\ReflectionUtility::getClassInstance() has parameter $constructorArguments with no value type specified in iterable type array.  
         💡 See: https://phpstan.org/blog/solving-phpstan-no-value-type-specified-in-iterable-type                                                                                              
  17     Method DarlingDataManagementSystem\interfaces\utility\ReflectionUtility::getClassMethodParameterNames() has parameter $class with no typehint specified.                              
  17     Method DarlingDataManagementSystem\interfaces\utility\ReflectionUtility::getClassMethodParameterNames() return type has no value type specified in iterable type array.               
         💡 See: https://phpstan.org/blog/solving-phpstan-no-value-type-specified-in-iterable-type                                                                                              
  19     Method DarlingDataManagementSystem\interfaces\utility\ReflectionUtility::getClassMethodParameterTypes() has parameter $class with no typehint specified.                              
  19     Method DarlingDataManagementSystem\interfaces\utility\ReflectionUtility::getClassMethodParameterTypes() return type has no value type specified in iterable type array.               
         💡 See: https://phpstan.org/blog/solving-phpstan-no-value-type-specified-in-iterable-type                                                                                              
  21     Method DarlingDataManagementSystem\interfaces\utility\ReflectionUtility::generateMockClassMethodArguments() has parameter $class with no typehint specified.                          
  21     Method DarlingDataManagementSystem\interfaces\utility\ReflectionUtility::generateMockClassMethodArguments() return type has no value type specified in iterable type array.           
         💡 See: https://phpstan.org/blog/solving-phpstan-no-value-type-specified-in-iterable-type                                                                                              
  23     Method DarlingDataManagementSystem\interfaces\utility\ReflectionUtility::getClassReflection() has parameter $class with no typehint specified.                                        
  23     Method DarlingDataManagementSystem\interfaces\utility\ReflectionUtility::getClassReflection() return type with generic class ReflectionClass does not specify its types: T            
         💡 You can turn this off by setting checkGenericClassInNonGenericObjectType: false in your phpstan.neon.                                                                               
 ------ -------------------------------------------------------------------------------------------------------------------------------------------------------------------------------------- 

 [ERROR] Found 138 errors                                                                                               

