 ------ ------------------------------------------------------- 
  Line   abstractions/component/Crud/ComponentCrud.php          
 ------ ------------------------------------------------------- 
  96     Unreachable statement - code above always terminates.  
 ------ ------------------------------------------------------- 

 ------ ------------------------------------------------------------------------ 
  Line   abstractions/component/Driver/Storage/FileSystem/JsonStorageDriver.php  
 ------ ------------------------------------------------------------------------ 
  31     Parameter #3 $recursive of function mkdir expects bool, int given.      
 ------ ------------------------------------------------------------------------ 

 ------ ----------------------------------------------------------------------------------------------------------------------------------------------------------------------------------------------------------------- 
  Line   abstractions/component/Factory/App/AppComponentsFactory.php                                                                                                                                                      
 ------ ----------------------------------------------------------------------------------------------------------------------------------------------------------------------------------------------------------------- 
  330    Method DarlingDataManagementSystem\abstractions\component\Factory\App\AppComponentsFactory::buildGlobalResponse() should return DarlingDataManagementSystem\interfaces\component\Web\Routing\GlobalResponse but  
         returns DarlingDataManagementSystem\interfaces\component\Web\Routing\Response.                                                                                                                                   
 ------ ----------------------------------------------------------------------------------------------------------------------------------------------------------------------------------------------------------------- 

 ------ -------------------------------------------------------------------------------------------------------------------------------------------------------------------------------------------------------------- 
  Line   abstractions/component/Factory/ResponseFactory.php                                                                                                                                                            
 ------ -------------------------------------------------------------------------------------------------------------------------------------------------------------------------------------------------------------- 
  70     Parameter #1 $request of method DarlingDataManagementSystem\interfaces\component\Web\Routing\Response::addRequestStorageInfo() expects DarlingDataManagementSystem\interfaces\component\Web\Routing\Request,  
         DarlingDataManagementSystem\interfaces\component\Component given.                                                                                                                                             
  86     Parameter #1 $template of method DarlingDataManagementSystem\interfaces\component\Web\Routing\Response::addTemplateStorageInfo() expects                                                                      
         DarlingDataManagementSystem\interfaces\component\Template\UserInterface\StandardUITemplate, DarlingDataManagementSystem\interfaces\component\Component given.                                                 
  102    Parameter #1 $outputComponent of method DarlingDataManagementSystem\interfaces\component\Web\Routing\Response::addOutputComponentStorageInfo() expects                                                        
         DarlingDataManagementSystem\interfaces\component\OutputComponent, DarlingDataManagementSystem\interfaces\component\Component given.                                                                           
 ------ -------------------------------------------------------------------------------------------------------------------------------------------------------------------------------------------------------------- 

 ------ ------------------------------------------------------------------------------------------------------------------------------------------------------------------- 
  Line   abstractions/component/Registry/Storage/StoredComponentRegistry.php                                                                                                
 ------ ------------------------------------------------------------------------------------------------------------------------------------------------------------------- 
  73     Parameter #1 $component of method DarlingDataManagementSystem\abstractions\component\Registry\Storage\StoredComponentRegistry::getStorableFromComponent() expects  
         DarlingDataManagementSystem\interfaces\component\Component, DarlingDataManagementSystem\interfaces\primary\Storable given.                                         
 ------ ------------------------------------------------------------------------------------------------------------------------------------------------------------------- 

 ------ --------------------------------------------------------------------------------------------------------------------------------------------------------------------------------------------------------------- 
  Line   abstractions/component/UserInterface/ResponseUI.php                                                                                                                                                            
 ------ --------------------------------------------------------------------------------------------------------------------------------------------------------------------------------------------------------------- 
  66     Parameter #1 ...$postionables of method DarlingDataManagementSystem\abstractions\component\UserInterface\ResponseUI::sortPositionables() expects DarlingDataManagementSystem\interfaces\primary\Positionable,  
         DarlingDataManagementSystem\interfaces\component\Component given.                                                                                                                                              
 ------ --------------------------------------------------------------------------------------------------------------------------------------------------------------------------------------------------------------- 

 ------ ------------------------------------------------------------------------------------------------------------- 
  Line   abstractions/component/UserInterface/StandardUI.php                                                          
 ------ ------------------------------------------------------------------------------------------------------------- 
  64     Call to an undefined method DarlingDataManagementSystem\interfaces\component\Component::getPosition().       
  66     Call to an undefined method DarlingDataManagementSystem\interfaces\component\Component::increasePosition().  
  69     Call to an undefined method DarlingDataManagementSystem\interfaces\component\Component::getPosition().       
  88     Call to an undefined method DarlingDataManagementSystem\interfaces\component\Component::getPosition().       
  90     Call to an undefined method DarlingDataManagementSystem\interfaces\component\Component::increasePosition().  
  93     Call to an undefined method DarlingDataManagementSystem\interfaces\component\Component::getPosition().       
 ------ ------------------------------------------------------------------------------------------------------------- 

 ------ --------------------------------------------------------------------------------------------------- 
  Line   abstractions/component/Web/Routing/Response.php                                                    
 ------ --------------------------------------------------------------------------------------------------- 
  44     Call to an undefined method DarlingDataManagementSystem\interfaces\component\Component::getUrl().  
 ------ --------------------------------------------------------------------------------------------------- 

 ------ -------------------------------------------------------- 
  Line   abstractions/utility/ReflectionUtility.php              
 ------ -------------------------------------------------------- 
  250    Call to an undefined method ReflectionType::getName().  
 ------ -------------------------------------------------------- 

 [ERROR] Found 16 errors                                                                                                

