 ------ ----------------------------------------------------------------------------------------------------------------------------------------------------------------------------------------------------------------- 
  Line   abstractions/component/Factory/App/AppComponentsFactory.php                                                                                                                                                      
 ------ ----------------------------------------------------------------------------------------------------------------------------------------------------------------------------------------------------------------- 
  330    Method DarlingDataManagementSystem\abstractions\component\Factory\App\AppComponentsFactory::buildGlobalResponse() should return DarlingDataManagementSystem\interfaces\component\Web\Routing\GlobalResponse but  
         returns DarlingDataManagementSystem\interfaces\component\Web\Routing\Response.                                                                                                                                   
 ------ ----------------------------------------------------------------------------------------------------------------------------------------------------------------------------------------------------------------- 

 ------ ------------------------------------------------------------------------------------------------------------- 
  Line   abstractions/component/UserInterface/StandardUI.php                                                          
 ------ ------------------------------------------------------------------------------------------------------------- 
  64     Call to an undefined method DarlingDataManagementSystem\interfaces\component\Component::getPosition().       
  66     Call to an undefined method DarlingDataManagementSystem\interfaces\component\Component::increasePosition().  
  69     Call to an undefined method DarlingDataManagementSystem\interfaces\component\Component::getPosition().       
  88     Call to an undefined method DarlingDataManagementSystem\interfaces\component\Component::getPosition().       
  90     Call to an undefined method DarlingDataManagementSystem\interfaces\component\Component::increasePosition().  
  93     Call to an undefined method DarlingDataManagementSystem\interfaces\component\Component::getPosition().       
 ------ ------------------------------------------------------------------------------------------------------------- 

 ------ --------------------------------------------------------------------------------------------------- 
  Line   abstractions/component/Web/Routing/Response.php                                                    
 ------ --------------------------------------------------------------------------------------------------- 
  44     Call to an undefined method DarlingDataManagementSystem\interfaces\component\Component::getUrl().  
 ------ --------------------------------------------------------------------------------------------------- 

 ------ -------------------------------------------------------- 
  Line   abstractions/utility/ReflectionUtility.php              
 ------ -------------------------------------------------------- 
  250    Call to an undefined method ReflectionType::getName().  
 ------ -------------------------------------------------------- 

 [ERROR] Found 9 errors                                                                                                 

